Determining if the pthread_create exist failed with the following output:
Change Dir: /home/hieron/catkin_ws/build/CMakeFiles/CMakeTmp

Run Build Command:/usr/bin/make "cmTryCompileExec316734211/fast"
/usr/bin/make -f CMakeFiles/cmTryCompileExec316734211.dir/build.make CMakeFiles/cmTryCompileExec316734211.dir/build
make[1]: Entrando no diretório `/home/hieron/catkin_ws/build/CMakeFiles/CMakeTmp'
/usr/bin/cmake -E cmake_progress_report /home/hieron/catkin_ws/build/CMakeFiles/CMakeTmp/CMakeFiles 1
Building C object CMakeFiles/cmTryCompileExec316734211.dir/CheckSymbolExists.c.o
/usr/bin/cc    -o CMakeFiles/cmTryCompileExec316734211.dir/CheckSymbolExists.c.o   -c /home/hieron/catkin_ws/build/CMakeFiles/CMakeTmp/CheckSymbolExists.c
Linking C executable cmTryCompileExec316734211
/usr/bin/cmake -E cmake_link_script CMakeFiles/cmTryCompileExec316734211.dir/link.txt --verbose=1
/usr/bin/cc       CMakeFiles/cmTryCompileExec316734211.dir/CheckSymbolExists.c.o  -o cmTryCompileExec316734211 -rdynamic 
CMakeFiles/cmTryCompileExec316734211.dir/CheckSymbolExists.c.o: na função `main':
CheckSymbolExists.c:(.text+0x16): referência indefinida para `pthread_create'
collect2: error: ld returned 1 exit status
make[1]: ** [cmTryCompileExec316734211] Erro 1
make[1]: Saindo do diretório `/home/hieron/catkin_ws/build/CMakeFiles/CMakeTmp'
make: ** [cmTryCompileExec316734211/fast] Erro 2

File /home/hieron/catkin_ws/build/CMakeFiles/CMakeTmp/CheckSymbolExists.c:
/* */
#include <pthread.h>

int main(int argc, char** argv)
{
  (void)argv;
#ifndef pthread_create
  return ((int*)(&pthread_create))[argc];
#else
  (void)argc;
  return 0;
#endif
}

Determining if the function pthread_create exists in the pthreads failed with the following output:
Change Dir: /home/hieron/catkin_ws/build/CMakeFiles/CMakeTmp

Run Build Command:/usr/bin/make "cmTryCompileExec182781594/fast"
/usr/bin/make -f CMakeFiles/cmTryCompileExec182781594.dir/build.make CMakeFiles/cmTryCompileExec182781594.dir/build
make[1]: Entrando no diretório `/home/hieron/catkin_ws/build/CMakeFiles/CMakeTmp'
/usr/bin/cmake -E cmake_progress_report /home/hieron/catkin_ws/build/CMakeFiles/CMakeTmp/CMakeFiles 1
Building C object CMakeFiles/cmTryCompileExec182781594.dir/CheckFunctionExists.c.o
/usr/bin/cc   -DCHECK_FUNCTION_EXISTS=pthread_create   -o CMakeFiles/cmTryCompileExec182781594.dir/CheckFunctionExists.c.o   -c /usr/share/cmake-2.8/Modules/CheckFunctionExists.c
Linking C executable cmTryCompileExec182781594
/usr/bin/cmake -E cmake_link_script CMakeFiles/cmTryCompileExec182781594.dir/link.txt --verbose=1
/usr/bin/cc   -DCHECK_FUNCTION_EXISTS=pthread_create    CMakeFiles/cmTryCompileExec182781594.dir/CheckFunctionExists.c.o  -o cmTryCompileExec182781594 -rdynamic -lpthreads 
/usr/bin/ld: não foi possível encontrar -lpthreads
collect2: error: ld returned 1 exit status
make[1]: ** [cmTryCompileExec182781594] Erro 1
make[1]: Saindo do diretório `/home/hieron/catkin_ws/build/CMakeFiles/CMakeTmp'
make: ** [cmTryCompileExec182781594/fast] Erro 2


