Determining if the pthread_create exist failed with the following output:
Change Dir: /home/hieron/catkin_ws/build/CMakeFiles/CMakeTmp

Run Build Command:"/usr/bin/make" "cmTryCompileExec2948902652/fast"
/usr/bin/make -f CMakeFiles/cmTryCompileExec2948902652.dir/build.make CMakeFiles/cmTryCompileExec2948902652.dir/build
make[1]: Entering directory '/home/hieron/catkin_ws/build/CMakeFiles/CMakeTmp'
/usr/bin/cmake -E cmake_progress_report /home/hieron/catkin_ws/build/CMakeFiles/CMakeTmp/CMakeFiles 1
Building C object CMakeFiles/cmTryCompileExec2948902652.dir/CheckSymbolExists.c.o
/usr/bin/cc    -o CMakeFiles/cmTryCompileExec2948902652.dir/CheckSymbolExists.c.o   -c /home/hieron/catkin_ws/build/CMakeFiles/CMakeTmp/CheckSymbolExists.c
Linking C executable cmTryCompileExec2948902652
/usr/bin/cmake -E cmake_link_script CMakeFiles/cmTryCompileExec2948902652.dir/link.txt --verbose=1
/usr/bin/cc       CMakeFiles/cmTryCompileExec2948902652.dir/CheckSymbolExists.c.o  -o cmTryCompileExec2948902652 -rdynamic 
CMakeFiles/cmTryCompileExec2948902652.dir/CheckSymbolExists.c.o: In function `main':
CheckSymbolExists.c:(.text+0x16): undefined reference to `pthread_create'
collect2: error: ld returned 1 exit status
CMakeFiles/cmTryCompileExec2948902652.dir/build.make:88: recipe for target 'cmTryCompileExec2948902652' failed
make[1]: Leaving directory '/home/hieron/catkin_ws/build/CMakeFiles/CMakeTmp'
make[1]: *** [cmTryCompileExec2948902652] Error 1
Makefile:118: recipe for target 'cmTryCompileExec2948902652/fast' failed
make: *** [cmTryCompileExec2948902652/fast] Error 2

File /home/hieron/catkin_ws/build/CMakeFiles/CMakeTmp/CheckSymbolExists.c:
/* */
#include <pthread.h>

int main(int argc, char** argv)
{
  (void)argv;
#ifndef pthread_create
  return ((int*)(&pthread_create))[argc];
#else
  (void)argc;
  return 0;
#endif
}

Determining if the function pthread_create exists in the pthreads failed with the following output:
Change Dir: /home/hieron/catkin_ws/build/CMakeFiles/CMakeTmp

Run Build Command:"/usr/bin/make" "cmTryCompileExec1964707304/fast"
/usr/bin/make -f CMakeFiles/cmTryCompileExec1964707304.dir/build.make CMakeFiles/cmTryCompileExec1964707304.dir/build
make[1]: Entering directory '/home/hieron/catkin_ws/build/CMakeFiles/CMakeTmp'
/usr/bin/cmake -E cmake_progress_report /home/hieron/catkin_ws/build/CMakeFiles/CMakeTmp/CMakeFiles 1
Building C object CMakeFiles/cmTryCompileExec1964707304.dir/CheckFunctionExists.c.o
/usr/bin/cc   -DCHECK_FUNCTION_EXISTS=pthread_create   -o CMakeFiles/cmTryCompileExec1964707304.dir/CheckFunctionExists.c.o   -c /usr/share/cmake-3.0/Modules/CheckFunctionExists.c
Linking C executable cmTryCompileExec1964707304
/usr/bin/cmake -E cmake_link_script CMakeFiles/cmTryCompileExec1964707304.dir/link.txt --verbose=1
/usr/bin/cc   -DCHECK_FUNCTION_EXISTS=pthread_create    CMakeFiles/cmTryCompileExec1964707304.dir/CheckFunctionExists.c.o  -o cmTryCompileExec1964707304 -rdynamic -lpthreads 
/usr/bin/ld: cannot find -lpthreads
collect2: error: ld returned 1 exit status
CMakeFiles/cmTryCompileExec1964707304.dir/build.make:88: recipe for target 'cmTryCompileExec1964707304' failed
make[1]: Leaving directory '/home/hieron/catkin_ws/build/CMakeFiles/CMakeTmp'
make[1]: *** [cmTryCompileExec1964707304] Error 1
Makefile:118: recipe for target 'cmTryCompileExec1964707304/fast' failed
make: *** [cmTryCompileExec1964707304/fast] Error 2


